<?xml version="1.0" encoding="UTF-8"?>
<!-- Generated by org.testng.reporters.JUnitXMLReporter -->
<testsuite ignored="0" hostname="DESKTOP-O4JIB6G" failures="0" tests="7" name="Test" time="10.021" errors="0" timestamp="2022-10-01T14:01:11 IST">
  <testcase classname="RestAssuredProject.RestAssuredapi.Getextractedbody" name="weatherdetails" time="7.001"/>
  <testcase classname="RestAssuredProject.RestAssuredapi.Datadriventesting" name="postEmployee" time="0.717"/>
  <testcase classname="RestAssuredProject.RestAssuredapi.Datadriventesting" name="postEmployee" time="0.767"/>
  <testcase classname="RestAssuredProject.RestAssuredapi.Authentication" name="weatherdetails" time="0.208"/>
  <testcase classname="RestAssuredProject.RestAssuredapi.C" name="weatherdetails" time="0.204"/>
  <testcase classname="RestAssuredProject.RestAssuredapi.B" name="weatherdetails" time="0.614"/>
  <testcase classname="RestAssuredProject.RestAssuredapi.A" name="weatherdetails" time="0.221"/>
</testsuite> <!-- Test -->
