<?xml version="1.0" encoding="UTF-8"?>
<testng-results ignored="0" total="7" passed="7" failed="0" skipped="0">
  <reporter-output>
  </reporter-output>
  <suite started-at="2022-10-01T14:01:01 IST" name="Suite" finished-at="2022-10-01T14:01:11 IST" duration-ms="10021">
    <groups>
    </groups>
    <test started-at="2022-10-01T14:01:01 IST" name="Test" finished-at="2022-10-01T14:01:11 IST" duration-ms="10021">
      <class name="RestAssuredProject.RestAssuredapi.Authentication">
        <test-method signature="weatherdetails()[pri:0, instance:RestAssuredProject.RestAssuredapi.Authentication@52719fb6]" started-at="2022-10-01T14:01:10 IST" name="weatherdetails" finished-at="2022-10-01T14:01:10 IST" duration-ms="208" status="PASS">
          <reporter-output>
          </reporter-output>
        </test-method> <!-- weatherdetails -->
      </class> <!-- RestAssuredProject.RestAssuredapi.Authentication -->
      <class name="RestAssuredProject.RestAssuredapi.Datadriventesting">
        <test-method signature="postEmployee(java.lang.String,java.lang.String)[pri:0, instance:RestAssuredProject.RestAssuredapi.Datadriventesting@6221a451]" started-at="2022-10-01T14:01:08 IST" name="postEmployee" data-provider="dataprovider" finished-at="2022-10-01T14:01:09 IST" duration-ms="717" status="PASS">
          <params>
            <param index="0">
              <value>
                <![CDATA[ab]]>
              </value>
            </param>
            <param index="1">
              <value>
                <![CDATA[100]]>
              </value>
            </param>
          </params>
          <reporter-output>
          </reporter-output>
        </test-method> <!-- postEmployee -->
        <test-method signature="postEmployee(java.lang.String,java.lang.String)[pri:0, instance:RestAssuredProject.RestAssuredapi.Datadriventesting@6221a451]" started-at="2022-10-01T14:01:09 IST" name="postEmployee" data-provider="dataprovider" finished-at="2022-10-01T14:01:10 IST" duration-ms="767" status="PASS">
          <params>
            <param index="0">
              <value>
                <![CDATA[rp]]>
              </value>
            </param>
            <param index="1">
              <value>
                <![CDATA[200]]>
              </value>
            </param>
          </params>
          <reporter-output>
          </reporter-output>
        </test-method> <!-- postEmployee -->
      </class> <!-- RestAssuredProject.RestAssuredapi.Datadriventesting -->
      <class name="RestAssuredProject.RestAssuredapi.Getextractedbody">
        <test-method signature="weatherdetails()[pri:0, instance:RestAssuredProject.RestAssuredapi.Getextractedbody@2d52216b]" started-at="2022-10-01T14:01:01 IST" name="weatherdetails" finished-at="2022-10-01T14:01:08 IST" duration-ms="7001" status="PASS">
          <reporter-output>
          </reporter-output>
        </test-method> <!-- weatherdetails -->
      </class> <!-- RestAssuredProject.RestAssuredapi.Getextractedbody -->
      <class name="RestAssuredProject.RestAssuredapi.C">
        <test-method signature="weatherdetails()[pri:0, instance:RestAssuredProject.RestAssuredapi.C@3012646b]" started-at="2022-10-01T14:01:10 IST" name="weatherdetails" finished-at="2022-10-01T14:01:10 IST" duration-ms="204" status="PASS">
          <reporter-output>
          </reporter-output>
        </test-method> <!-- weatherdetails -->
      </class> <!-- RestAssuredProject.RestAssuredapi.C -->
      <class name="RestAssuredProject.RestAssuredapi.B">
        <test-method signature="weatherdetails()[pri:0, instance:RestAssuredProject.RestAssuredapi.B@4a883b15]" started-at="2022-10-01T14:01:10 IST" name="weatherdetails" finished-at="2022-10-01T14:01:11 IST" duration-ms="614" status="PASS">
          <reporter-output>
          </reporter-output>
        </test-method> <!-- weatherdetails -->
      </class> <!-- RestAssuredProject.RestAssuredapi.B -->
      <class name="RestAssuredProject.RestAssuredapi.A">
        <test-method signature="weatherdetails()[pri:0, instance:RestAssuredProject.RestAssuredapi.A@25641d39]" started-at="2022-10-01T14:01:11 IST" name="weatherdetails" finished-at="2022-10-01T14:01:11 IST" duration-ms="221" status="PASS">
          <reporter-output>
          </reporter-output>
        </test-method> <!-- weatherdetails -->
      </class> <!-- RestAssuredProject.RestAssuredapi.A -->
    </test> <!-- Test -->
  </suite> <!-- Suite -->
</testng-results>
